{"/home/adrian/Documents/Development/maripos/src/renderer/src/i18n/i18n.ts": {"path":"/home/adrian/Documents/Development/maripos/src/renderer/src/i18n/i18n.ts","all":false,"statementMap":{"0":{"start":{"line":1,"column":0},"end":{"line":1,"column":79}},"1":{"start":{"line":2,"column":0},"end":{"line":2,"column":46}},"2":{"start":{"line":3,"column":0},"end":{"line":3,"column":92}},"3":{"start":{"line":4,"column":0},"end":{"line":4,"column":53}},"4":{"start":{"line":5,"column":0},"end":{"line":5,"column":0}},"5":{"start":{"line":6,"column":0},"end":{"line":6,"column":61}},"6":{"start":{"line":7,"column":0},"end":{"line":7,"column":57}},"7":{"start":{"line":8,"column":0},"end":{"line":8,"column":0}},"8":{"start":{"line":9,"column":0},"end":{"line":9,"column":51}},"9":{"start":{"line":10,"column":0},"end":{"line":10,"column":0}},"10":{"start":{"line":11,"column":0},"end":{"line":11,"column":96}},"11":{"start":{"line":12,"column":0},"end":{"line":12,"column":85}},"12":{"start":{"line":13,"column":0},"end":{"line":13,"column":88}},"13":{"start":{"line":14,"column":0},"end":{"line":14,"column":37}},"14":{"start":{"line":15,"column":0},"end":{"line":15,"column":20}},"15":{"start":{"line":16,"column":0},"end":{"line":16,"column":93}},"16":{"start":{"line":17,"column":0},"end":{"line":17,"column":6}},"17":{"start":{"line":18,"column":0},"end":{"line":18,"column":0}},"18":{"start":{"line":19,"column":0},"end":{"line":19,"column":61}},"19":{"start":{"line":20,"column":0},"end":{"line":20,"column":50}},"20":{"start":{"line":21,"column":0},"end":{"line":21,"column":63}},"21":{"start":{"line":22,"column":0},"end":{"line":22,"column":55}},"22":{"start":{"line":23,"column":0},"end":{"line":23,"column":0}},"23":{"start":{"line":24,"column":0},"end":{"line":24,"column":33}},"24":{"start":{"line":25,"column":0},"end":{"line":25,"column":54}},"25":{"start":{"line":26,"column":0},"end":{"line":26,"column":24}},"26":{"start":{"line":27,"column":0},"end":{"line":27,"column":110}},"27":{"start":{"line":28,"column":0},"end":{"line":28,"column":10}},"28":{"start":{"line":29,"column":0},"end":{"line":29,"column":0}},"29":{"start":{"line":30,"column":0},"end":{"line":30,"column":24}},"30":{"start":{"line":31,"column":0},"end":{"line":31,"column":7}},"31":{"start":{"line":32,"column":0},"end":{"line":32,"column":0}},"32":{"start":{"line":33,"column":0},"end":{"line":33,"column":46}},"33":{"start":{"line":34,"column":0},"end":{"line":34,"column":8}},"34":{"start":{"line":35,"column":0},"end":{"line":35,"column":99}},"35":{"start":{"line":36,"column":0},"end":{"line":36,"column":3}},"36":{"start":{"line":37,"column":0},"end":{"line":37,"column":0}},"37":{"start":{"line":38,"column":0},"end":{"line":38,"column":10}},"38":{"start":{"line":39,"column":0},"end":{"line":39,"column":11}},"39":{"start":{"line":40,"column":0},"end":{"line":40,"column":4}},"40":{"start":{"line":41,"column":0},"end":{"line":41,"column":1}},"41":{"start":{"line":42,"column":0},"end":{"line":42,"column":0}},"42":{"start":{"line":43,"column":0},"end":{"line":43,"column":51}},"43":{"start":{"line":44,"column":0},"end":{"line":44,"column":0}},"44":{"start":{"line":45,"column":0},"end":{"line":45,"column":20}}},"s":{"0":1,"1":1,"2":1,"3":1,"4":1,"5":1,"6":1,"7":1,"8":1,"9":1,"10":1,"11":15,"12":15,"13":13,"14":15,"15":2,"16":2,"17":11,"18":11,"19":11,"20":11,"21":11,"22":11,"23":11,"24":22,"25":22,"26":1,"27":1,"28":21,"29":21,"30":11,"31":11,"32":11,"33":1,"34":1,"35":11,"36":11,"37":11,"38":11,"39":11,"40":11,"41":1,"42":1,"43":1,"44":1},"branchMap":{"0":{"type":"branch","line":11,"loc":{"start":{"line":11,"column":95},"end":{"line":41,"column":1}},"locations":[{"start":{"line":11,"column":95},"end":{"line":41,"column":1}}]},"1":{"type":"branch","line":12,"loc":{"start":{"line":12,"column":28},"end":{"line":12,"column":85}},"locations":[{"start":{"line":12,"column":28},"end":{"line":12,"column":85}}]},"2":{"type":"branch","line":12,"loc":{"start":{"line":12,"column":83},"end":{"line":13,"column":33}},"locations":[{"start":{"line":12,"column":83},"end":{"line":13,"column":33}}]},"3":{"type":"branch","line":13,"loc":{"start":{"line":13,"column":27},"end":{"line":13,"column":88}},"locations":[{"start":{"line":13,"column":27},"end":{"line":13,"column":88}}]},"4":{"type":"branch","line":13,"loc":{"start":{"line":13,"column":86},"end":{"line":15,"column":10}},"locations":[{"start":{"line":13,"column":86},"end":{"line":15,"column":10}}]},"5":{"type":"branch","line":15,"loc":{"start":{"line":15,"column":4},"end":{"line":17,"column":6}},"locations":[{"start":{"line":15,"column":4},"end":{"line":17,"column":6}}]},"6":{"type":"branch","line":17,"loc":{"start":{"line":17,"column":4},"end":{"line":41,"column":1}},"locations":[{"start":{"line":17,"column":4},"end":{"line":41,"column":1}}]},"7":{"type":"branch","line":19,"loc":{"start":{"line":19,"column":2},"end":{"line":36,"column":3}},"locations":[{"start":{"line":19,"column":2},"end":{"line":36,"column":3}}]},"8":{"type":"branch","line":21,"loc":{"start":{"line":21,"column":29},"end":{"line":21,"column":51}},"locations":[{"start":{"line":21,"column":29},"end":{"line":21,"column":51}}]},"9":{"type":"branch","line":21,"loc":{"start":{"line":21,"column":44},"end":{"line":21,"column":63}},"locations":[{"start":{"line":21,"column":44},"end":{"line":21,"column":63}}]},"10":{"type":"branch","line":33,"loc":{"start":{"line":33,"column":34},"end":{"line":33,"column":46}},"locations":[{"start":{"line":33,"column":34},"end":{"line":33,"column":46}}]},"11":{"type":"branch","line":33,"loc":{"start":{"line":33,"column":41},"end":{"line":35,"column":99}},"locations":[{"start":{"line":33,"column":41},"end":{"line":35,"column":99}}]},"12":{"type":"branch","line":24,"loc":{"start":{"line":24,"column":22},"end":{"line":31,"column":5}},"locations":[{"start":{"line":24,"column":22},"end":{"line":31,"column":5}}]},"13":{"type":"branch","line":26,"loc":{"start":{"line":26,"column":8},"end":{"line":28,"column":10}},"locations":[{"start":{"line":26,"column":8},"end":{"line":28,"column":10}}]},"14":{"type":"branch","line":28,"loc":{"start":{"line":28,"column":8},"end":{"line":30,"column":24}},"locations":[{"start":{"line":28,"column":8},"end":{"line":30,"column":24}}]}},"b":{"0":[15],"1":[1],"2":[14],"3":[1],"4":[13],"5":[2],"6":[11],"7":[11],"8":[10],"9":[1],"10":[9],"11":[1],"12":[22],"13":[1],"14":[21]},"fnMap":{"0":{"name":"i18n","decl":{"start":{"line":11,"column":95},"end":{"line":41,"column":1}},"loc":{"start":{"line":11,"column":95},"end":{"line":41,"column":1}},"line":11},"1":{"name":"getText","decl":{"start":{"line":19,"column":2},"end":{"line":36,"column":3}},"loc":{"start":{"line":19,"column":2},"end":{"line":36,"column":3}},"line":19}},"f":{"0":15,"1":11}}
}
